<component name="libraryTable">
  <library name="junit-xml-plugin-2.20.1">
    <CLASSES>
      <root url="jar://$PROJECT_DIR$/allure-2.20.1/plugins/junit-xml-plugin/junit-xml-plugin-2.20.1.jar!/" />
    </CLASSES>
    <JAVADOC />
    <SOURCES />
  </library>
</component>